# JRE version: OpenJDK Runtime Environment (22.0.1+8) (build 22.0.1+8-16)
# Java VM: OpenJDK 64-Bit Server VM (22.0.1+8-16, mixed mode, sharing, tiered, compressed oops, compressed class ptrs, g1 gc, bsd-aarch64)
Heap:
 garbage-first heap   total reserved 4194304K, committed 264192K, used 82515K [0x0000000700000000, 0x0000000800000000)
  region size 2048K, 38 young (77824K), 1 survivors (2048K)
 Metaspace       used 16991K, committed 17600K, reserved 1114112K
  class space    used 1995K, committed 2240K, reserved 1048576K
GC Heap History (20 events):
Event: 44585.547 GC heap before
{Heap before GC invocations=520 (full 0):
 garbage-first heap   total reserved 4194304K, committed 264192K, used 161341K [0x0000000700000000, 0x0000000800000000)
  region size 2048K, 76 young (155648K), 1 survivors (2048K)
 Metaspace       used 16991K, committed 17600K, reserved 1114112K
  class space    used 1995K, committed 2240K, reserved 1048576K
}
Event: 44585.549 GC heap after
{Heap after GC invocations=521 (full 0):
 garbage-first heap   total reserved 4194304K, committed 264192K, used 7741K [0x0000000700000000, 0x0000000800000000)
  region size 2048K, 1 young (2048K), 1 survivors (2048K)
 Metaspace       used 16991K, committed 17600K, reserved 1114112K
  class space    used 1995K, committed 2240K, reserved 1048576K
}
Event: 44671.645 GC heap before
{Heap before GC invocations=521 (full 0):
 garbage-first heap   total reserved 4194304K, committed 264192K, used 161341K [0x0000000700000000, 0x0000000800000000)
  region size 2048K, 76 young (155648K), 1 survivors (2048K)
 Metaspace       used 16991K, committed 17600K, reserved 1114112K
  class space    used 1995K, committed 2240K, reserved 1048576K
}
Event: 44671.646 GC heap after
{Heap after GC invocations=522 (full 0):
 garbage-first heap   total reserved 4194304K, committed 264192K, used 7741K [0x0000000700000000, 0x0000000800000000)
  region size 2048K, 1 young (2048K), 1 survivors (2048K)
 Metaspace       used 16991K, committed 17600K, reserved 1114112K
  class space    used 1995K, committed 2240K, reserved 1048576K
}
Event: 44757.177 GC heap before
{Heap before GC invocations=522 (full 0):
 garbage-first heap   total reserved 4194304K, committed 264192K, used 161341K [0x0000000700000000, 0x0000000800000000)
  region size 2048K, 76 young (155648K), 1 survivors (2048K)
 Metaspace       used 16991K, committed 17600K, reserved 1114112K
  class space    used 1995K, committed 2240K, reserved 1048576K
}
Event: 44757.178 GC heap after
{Heap after GC invocations=523 (full 0):
 garbage-first heap   total reserved 4194304K, committed 264192K, used 7741K [0x0000000700000000, 0x0000000800000000)
  region size 2048K, 1 young (2048K), 1 survivors (2048K)
 Metaspace       used 16991K, committed 17600K, reserved 1114112K
  class space    used 1995K, committed 2240K, reserved 1048576K
}
Event: 44842.725 GC heap before
{Heap before GC invocations=523 (full 0):
 garbage-first heap   total reserved 4194304K, committed 264192K, used 161341K [0x0000000700000000, 0x0000000800000000)
  region size 2048K, 76 young (155648K), 1 survivors (2048K)
 Metaspace       used 16991K, committed 17600K, reserved 1114112K
  class space    used 1995K, committed 2240K, reserved 1048576K
}
Event: 44842.727 GC heap after
{Heap after GC invocations=524 (full 0):
 garbage-first heap   total reserved 4194304K, committed 264192K, used 7741K [0x0000000700000000, 0x0000000800000000)
  region size 2048K, 1 young (2048K), 1 survivors (2048K)
 Metaspace       used 16991K, committed 17600K, reserved 1114112K
  class space    used 1995K, committed 2240K, reserved 1048576K
}
Event: 44928.780 GC heap before
{Heap before GC invocations=524 (full 0):
 garbage-first heap   total reserved 4194304K, committed 264192K, used 161341K [0x0000000700000000, 0x0000000800000000)
  region size 2048K, 76 young (155648K), 1 survivors (2048K)
 Metaspace       used 16991K, committed 17600K, reserved 1114112K
  class space    used 1995K, committed 2240K, reserved 1048576K
}
Event: 44928.783 GC heap after
{Heap after GC invocations=525 (full 0):
 garbage-first heap   total reserved 4194304K, committed 264192K, used 7741K [0x0000000700000000, 0x0000000800000000)
  region size 2048K, 1 young (2048K), 1 survivors (2048K)
 Metaspace       used 16991K, committed 17600K, reserved 1114112K
  class space    used 1995K, committed 2240K, reserved 1048576K
}
Event: 45014.841 GC heap before
{Heap before GC invocations=525 (full 0):
 garbage-first heap   total reserved 4194304K, committed 264192K, used 161341K [0x0000000700000000, 0x0000000800000000)
  region size 2048K, 76 young (155648K), 1 survivors (2048K)
 Metaspace       used 16991K, committed 17600K, reserved 1114112K
  class space    used 1995K, committed 2240K, reserved 1048576K
}
Event: 45014.843 GC heap after
{Heap after GC invocations=526 (full 0):
 garbage-first heap   total reserved 4194304K, committed 264192K, used 7741K [0x0000000700000000, 0x0000000800000000)
  region size 2048K, 1 young (2048K), 1 survivors (2048K)
 Metaspace       used 16991K, committed 17600K, reserved 1114112K
  class space    used 1995K, committed 2240K, reserved 1048576K
}
Event: 45100.910 GC heap before
{Heap before GC invocations=526 (full 0):
 garbage-first heap   total reserved 4194304K, committed 264192K, used 161341K [0x0000000700000000, 0x0000000800000000)
  region size 2048K, 76 young (155648K), 1 survivors (2048K)
 Metaspace       used 16991K, committed 17600K, reserved 1114112K
  class space    used 1995K, committed 2240K, reserved 1048576K
}
Event: 45100.913 GC heap after
{Heap after GC invocations=527 (full 0):
 garbage-first heap   total reserved 4194304K, committed 264192K, used 7741K [0x0000000700000000, 0x0000000800000000)
  region size 2048K, 1 young (2048K), 1 survivors (2048K)
 Metaspace       used 16991K, committed 17600K, reserved 1114112K
  class space    used 1995K, committed 2240K, reserved 1048576K
}
Event: 45186.976 GC heap before
{Heap before GC invocations=527 (full 0):
 garbage-first heap   total reserved 4194304K, committed 264192K, used 161341K [0x0000000700000000, 0x0000000800000000)
  region size 2048K, 76 young (155648K), 1 survivors (2048K)
 Metaspace       used 16991K, committed 17600K, reserved 1114112K
  class space    used 1995K, committed 2240K, reserved 1048576K
}
Event: 45186.979 GC heap after
{Heap after GC invocations=528 (full 0):
 garbage-first heap   total reserved 4194304K, committed 264192K, used 7741K [0x0000000700000000, 0x0000000800000000)
  region size 2048K, 1 young (2048K), 1 survivors (2048K)
 Metaspace       used 16991K, committed 17600K, reserved 1114112K
  class space    used 1995K, committed 2240K, reserved 1048576K
}
Event: 45273.047 GC heap before
{Heap before GC invocations=528 (full 0):
 garbage-first heap   total reserved 4194304K, committed 264192K, used 161341K [0x0000000700000000, 0x0000000800000000)
  region size 2048K, 76 young (155648K), 1 survivors (2048K)
 Metaspace       used 16991K, committed 17600K, reserved 1114112K
  class space    used 1995K, committed 2240K, reserved 1048576K
}
Event: 45273.049 GC heap after
{Heap after GC invocations=529 (full 0):
 garbage-first heap   total reserved 4194304K, committed 264192K, used 7741K [0x0000000700000000, 0x0000000800000000)
  region size 2048K, 1 young (2048K), 1 survivors (2048K)
 Metaspace       used 16991K, committed 17600K, reserved 1114112K
  class space    used 1995K, committed 2240K, reserved 1048576K
}
Event: 45358.560 GC heap before
{Heap before GC invocations=529 (full 0):
 garbage-first heap   total reserved 4194304K, committed 264192K, used 161341K [0x0000000700000000, 0x0000000800000000)
  region size 2048K, 76 young (155648K), 1 survivors (2048K)
 Metaspace       used 16991K, committed 17600K, reserved 1114112K
  class space    used 1995K, committed 2240K, reserved 1048576K
}
Event: 45358.562 GC heap after
{Heap after GC invocations=530 (full 0):
 garbage-first heap   total reserved 4194304K, committed 264192K, used 7741K [0x0000000700000000, 0x0000000800000000)
  region size 2048K, 1 young (2048K), 1 survivors (2048K)
 Metaspace       used 16991K, committed 17600K, reserved 1114112K
  class space    used 1995K, committed 2240K, reserved 1048576K
}

