# JRE version: OpenJDK Runtime Environment (22.0.1+8) (build 22.0.1+8-16)
# Java VM: OpenJDK 64-Bit Server VM (22.0.1+8-16, mixed mode, sharing, tiered, compressed oops, compressed class ptrs, g1 gc, bsd-aarch64)
Heap:
 garbage-first heap   total reserved 4194304K, committed 264192K, used 152297K [0x0000000700000000, 0x0000000800000000)
  region size 2048K, 67 young (137216K), 1 survivors (2048K)
 Metaspace       used 16743K, committed 17344K, reserved 1114112K
  class space    used 1979K, committed 2240K, reserved 1048576K
GC Heap History (16 events):
Event: 2.305 GC heap before
{Heap before GC invocations=0 (full 0):
 garbage-first heap   total reserved 4194304K, committed 264192K, used 25616K [0x0000000700000000, 0x0000000800000000)
  region size 2048K, 12 young (24576K), 0 survivors (0K)
 Metaspace       used 13757K, committed 14080K, reserved 1114112K
  class space    used 1642K, committed 1792K, reserved 1048576K
}
Event: 2.317 GC heap after
{Heap after GC invocations=1 (full 0):
 garbage-first heap   total reserved 4194304K, committed 264192K, used 8852K [0x0000000700000000, 0x0000000800000000)
  region size 2048K, 2 young (4096K), 2 survivors (4096K)
 Metaspace       used 13757K, committed 14080K, reserved 1114112K
  class space    used 1642K, committed 1792K, reserved 1048576K
}
Event: 8.982 GC heap before
{Heap before GC invocations=1 (full 0):
 garbage-first heap   total reserved 4194304K, committed 264192K, used 29332K [0x0000000700000000, 0x0000000800000000)
  region size 2048K, 12 young (24576K), 2 survivors (4096K)
 Metaspace       used 16562K, committed 17152K, reserved 1114112K
  class space    used 1975K, committed 2240K, reserved 1048576K
}
Event: 9.009 GC heap after
{Heap after GC invocations=2 (full 0):
 garbage-first heap   total reserved 4194304K, committed 264192K, used 10369K [0x0000000700000000, 0x0000000800000000)
  region size 2048K, 1 young (2048K), 1 survivors (2048K)
 Metaspace       used 16562K, committed 17152K, reserved 1114112K
  class space    used 1975K, committed 2240K, reserved 1048576K
}
Event: 48.042 GC heap before
{Heap before GC invocations=2 (full 0):
 garbage-first heap   total reserved 4194304K, committed 264192K, used 84097K [0x0000000700000000, 0x0000000800000000)
  region size 2048K, 37 young (75776K), 1 survivors (2048K)
 Metaspace       used 16700K, committed 17280K, reserved 1114112K
  class space    used 1975K, committed 2240K, reserved 1048576K
}
Event: 48.049 GC heap after
{Heap after GC invocations=3 (full 0):
 garbage-first heap   total reserved 4194304K, committed 264192K, used 9996K [0x0000000700000000, 0x0000000800000000)
  region size 2048K, 1 young (2048K), 1 survivors (2048K)
 Metaspace       used 16700K, committed 17280K, reserved 1114112K
  class space    used 1975K, committed 2240K, reserved 1048576K
}
Event: 129.928 GC heap before
{Heap before GC invocations=3 (full 0):
 garbage-first heap   total reserved 4194304K, committed 264192K, used 163596K [0x0000000700000000, 0x0000000800000000)
  region size 2048K, 76 young (155648K), 1 survivors (2048K)
 Metaspace       used 16702K, committed 17280K, reserved 1114112K
  class space    used 1976K, committed 2240K, reserved 1048576K
}
Event: 129.931 GC heap after
{Heap after GC invocations=4 (full 0):
 garbage-first heap   total reserved 4194304K, committed 264192K, used 9929K [0x0000000700000000, 0x0000000800000000)
  region size 2048K, 1 young (2048K), 1 survivors (2048K)
 Metaspace       used 16702K, committed 17280K, reserved 1114112K
  class space    used 1976K, committed 2240K, reserved 1048576K
}
Event: 213.073 GC heap before
{Heap before GC invocations=4 (full 0):
 garbage-first heap   total reserved 4194304K, committed 264192K, used 163529K [0x0000000700000000, 0x0000000800000000)
  region size 2048K, 76 young (155648K), 1 survivors (2048K)
 Metaspace       used 16702K, committed 17280K, reserved 1114112K
  class space    used 1976K, committed 2240K, reserved 1048576K
}
Event: 213.077 GC heap after
{Heap after GC invocations=5 (full 0):
 garbage-first heap   total reserved 4194304K, committed 264192K, used 9917K [0x0000000700000000, 0x0000000800000000)
  region size 2048K, 1 young (2048K), 1 survivors (2048K)
 Metaspace       used 16702K, committed 17280K, reserved 1114112K
  class space    used 1976K, committed 2240K, reserved 1048576K
}
Event: 297.842 GC heap before
{Heap before GC invocations=5 (full 0):
 garbage-first heap   total reserved 4194304K, committed 264192K, used 196285K [0x0000000700000000, 0x0000000800000000)
  region size 2048K, 76 young (155648K), 1 survivors (2048K)
 Metaspace       used 16743K, committed 17344K, reserved 1114112K
  class space    used 1979K, committed 2240K, reserved 1048576K
}
Event: 297.849 GC heap after
{Heap after GC invocations=6 (full 0):
 garbage-first heap   total reserved 4194304K, committed 264192K, used 42750K [0x0000000700000000, 0x0000000800000000)
  region size 2048K, 1 young (2048K), 1 survivors (2048K)
 Metaspace       used 16743K, committed 17344K, reserved 1114112K
  class space    used 1979K, committed 2240K, reserved 1048576K
}
Event: 381.105 GC heap before
{Heap before GC invocations=6 (full 0):
 garbage-first heap   total reserved 4194304K, committed 264192K, used 196350K [0x0000000700000000, 0x0000000800000000)
  region size 2048K, 76 young (155648K), 1 survivors (2048K)
 Metaspace       used 16743K, committed 17344K, reserved 1114112K
  class space    used 1979K, committed 2240K, reserved 1048576K
}
Event: 381.111 GC heap after
{Heap after GC invocations=7 (full 0):
 garbage-first heap   total reserved 4194304K, committed 264192K, used 18184K [0x0000000700000000, 0x0000000800000000)
  region size 2048K, 1 young (2048K), 1 survivors (2048K)
 Metaspace       used 16743K, committed 17344K, reserved 1114112K
  class space    used 1979K, committed 2240K, reserved 1048576K
}
Event: 464.510 GC heap before
{Heap before GC invocations=7 (full 0):
 garbage-first heap   total reserved 4194304K, committed 264192K, used 171784K [0x0000000700000000, 0x0000000800000000)
  region size 2048K, 76 young (155648K), 1 survivors (2048K)
 Metaspace       used 16743K, committed 17344K, reserved 1114112K
  class space    used 1979K, committed 2240K, reserved 1048576K
}
Event: 464.518 GC heap after
{Heap after GC invocations=8 (full 0):
 garbage-first heap   total reserved 4194304K, committed 264192K, used 18153K [0x0000000700000000, 0x0000000800000000)
  region size 2048K, 1 young (2048K), 1 survivors (2048K)
 Metaspace       used 16743K, committed 17344K, reserved 1114112K
  class space    used 1979K, committed 2240K, reserved 1048576K
}

